<?xml version="1.0" encoding="UTF-8"?>
<!-- Generated by org.testng.reporters.JUnitXMLReporter -->
<testsuite ignored="2" hostname="APL-5CD0506YW4" failures="0" tests="2" name="Test" time="0.04" errors="0" timestamp="2022-03-05T12:22:18 IST">
  <testcase classname="package2.CheckoutTest" name="test4" time="0.004"/>
  <testcase classname="package1.AnnotationExample" name="test1" time="0.001"/>
  <testcase classname="package1.AnnotationExample" name="test2" time="0.0">
    <ignored/>
  </testcase> <!-- test2 -->
  <testcase classname="package1.HomePageTest" name="test3" time="0.0">
    <ignored/>
  </testcase> <!-- test3 -->
</testsuite> <!-- Test -->
