<?xml version="1.0" encoding="UTF-8"?>
<!-- Generated by org.testng.reporters.JUnitXMLReporter -->
<testsuite ignored="0" hostname="APL-5CD0506YW4" failures="0" tests="4" name="Default test" time="0.049" errors="0" timestamp="2022-03-05T12:42:23 IST">
  <testcase classname="package1.HomePageTest" name="test6" time="0.009"/>
  <testcase classname="package1.HomePageTest" name="test7" time="0.0"/>
  <testcase classname="package1.HomePageTest" name="test8" time="0.001"/>
  <testcase classname="package1.HomePageTest" name="test3" time="0.0"/>
</testsuite> <!-- Default test -->
