<?xml version="1.0" encoding="UTF-8"?>
<!-- Generated by org.testng.reporters.JUnitXMLReporter -->
<testsuite ignored="1" hostname="APL-5CD0506YW4" failures="0" tests="3" name="Test" time="0.038" errors="0" timestamp="2022-03-05T11:26:35 IST">
  <testcase classname="package1.HomePageTest" name="test3" time="0.004"/>
  <testcase classname="package1.AnnotationExample" name="test2" time="0.001"/>
  <testcase classname="package2.CheckoutTest" name="test4" time="0.0"/>
  <testcase classname="package1.AnnotationExample" name="test1" time="0.0">
    <ignored/>
  </testcase> <!-- test1 -->
</testsuite> <!-- Test -->
