<?xml version="1.0" encoding="UTF-8"?>
<testng-results ignored="0" total="4" passed="4" failed="0" skipped="0">
  <reporter-output>
  </reporter-output>
  <suite started-at="2022-03-05T12:42:22 IST" name="Default suite" finished-at="2022-03-05T12:42:22 IST" duration-ms="49">
    <groups>
    </groups>
    <test started-at="2022-03-05T12:42:22 IST" name="Default test" finished-at="2022-03-05T12:42:22 IST" duration-ms="49">
      <class name="package1.HomePageTest">
        <test-method signature="test6()[pri:0, instance:package1.HomePageTest@6b8ca3c8]" started-at="2022-03-05T12:42:22 IST" name="test6" finished-at="2022-03-05T12:42:22 IST" duration-ms="9" status="PASS">
          <reporter-output>
          </reporter-output>
        </test-method> <!-- test6 -->
        <test-method signature="test7()[pri:0, instance:package1.HomePageTest@6b8ca3c8]" started-at="2022-03-05T12:42:22 IST" name="test7" finished-at="2022-03-05T12:42:22 IST" duration-ms="0" status="PASS">
          <reporter-output>
          </reporter-output>
        </test-method> <!-- test7 -->
        <test-method signature="test8()[pri:0, instance:package1.HomePageTest@6b8ca3c8]" started-at="2022-03-05T12:42:22 IST" name="test8" finished-at="2022-03-05T12:42:22 IST" duration-ms="1" status="PASS">
          <reporter-output>
          </reporter-output>
        </test-method> <!-- test8 -->
        <test-method signature="test3()[pri:0, instance:package1.HomePageTest@6b8ca3c8]" started-at="2022-03-05T12:42:22 IST" name="test3" finished-at="2022-03-05T12:42:22 IST" depends-on-methods="package1.HomePageTest.test8, package1.HomePageTest.test6" duration-ms="0" status="PASS">
          <reporter-output>
          </reporter-output>
        </test-method> <!-- test3 -->
      </class> <!-- package1.HomePageTest -->
    </test> <!-- Default test -->
  </suite> <!-- Default suite -->
</testng-results>
